# JRE version: Java(TM) SE Runtime Environment (17.0.1+12) (build 17.0.1+12-LTS-39)
# Java VM: Java HotSpot(TM) 64-Bit Server VM (17.0.1+12-LTS-39, mixed mode, sharing, tiered, compressed oops, compressed class ptrs, g1 gc, windows-amd64)
GC Precious Log:
 CPUs: 4 total, 4 available
 Memory: 16267M
 Large Page Support: Disabled
 NUMA Support: Disabled
 Compressed Oops: Enabled (32-bit)
 Heap Region Size: 1M
 Heap Min Capacity: 8M
 Heap Initial Capacity: 256M
 Heap Max Capacity: 2G
 Pre-touch: Disabled
 Parallel Workers: 4
 Concurrent Workers: 1
 Concurrent Refinement Workers: 4
 Periodic GC: Disabled
Heap:
 garbage-first heap   total 468992K, used 246784K [0x0000000080000000, 0x0000000100000000)
  region size 1024K, 16 young (16384K), 16 survivors (16384K)
 Metaspace       used 111063K, committed 111936K, reserved 1146880K
  class space    used 14922K, committed 15360K, reserved 1048576K
GC Heap History (20 events):
Event: 51.544 GC heap after
{Heap after GC invocations=85 (full 0):
 garbage-first heap   total 468992K, used 200496K [0x0000000080000000, 0x0000000100000000)
  region size 1024K, 20 young (20480K), 20 survivors (20480K)
 Metaspace       used 110994K, committed 111808K, reserved 1146880K
  class space    used 14915K, committed 15296K, reserved 1048576K
}
Event: 52.162 GC heap before
{Heap before GC invocations=85 (full 0):
 garbage-first heap   total 468992K, used 400176K [0x0000000080000000, 0x0000000100000000)
  region size 1024K, 215 young (220160K), 20 survivors (20480K)
 Metaspace       used 111002K, committed 111808K, reserved 1146880K
  class space    used 14915K, committed 15296K, reserved 1048576K
}
Event: 52.190 GC heap after
{Heap after GC invocations=86 (full 0):
 garbage-first heap   total 468992K, used 218275K [0x0000000080000000, 0x0000000100000000)
  region size 1024K, 27 young (27648K), 27 survivors (27648K)
 Metaspace       used 111002K, committed 111808K, reserved 1146880K
  class space    used 14915K, committed 15296K, reserved 1048576K
}
Event: 52.525 GC heap before
{Heap before GC invocations=86 (full 0):
 garbage-first heap   total 468992K, used 387235K [0x0000000080000000, 0x0000000100000000)
  region size 1024K, 192 young (196608K), 27 survivors (27648K)
 Metaspace       used 111004K, committed 111808K, reserved 1146880K
  class space    used 14915K, committed 15296K, reserved 1048576K
}
Event: 52.553 GC heap after
{Heap after GC invocations=87 (full 0):
 garbage-first heap   total 468992K, used 230975K [0x0000000080000000, 0x0000000100000000)
  region size 1024K, 14 young (14336K), 14 survivors (14336K)
 Metaspace       used 111004K, committed 111808K, reserved 1146880K
  class space    used 14915K, committed 15296K, reserved 1048576K
}
Event: 52.832 GC heap before
{Heap before GC invocations=87 (full 0):
 garbage-first heap   total 468992K, used 385599K [0x0000000080000000, 0x0000000100000000)
  region size 1024K, 165 young (168960K), 14 survivors (14336K)
 Metaspace       used 111014K, committed 111808K, reserved 1146880K
  class space    used 14916K, committed 15296K, reserved 1048576K
}
Event: 52.852 GC heap after
{Heap after GC invocations=88 (full 0):
 garbage-first heap   total 468992K, used 234496K [0x0000000080000000, 0x0000000100000000)
  region size 1024K, 4 young (4096K), 4 survivors (4096K)
 Metaspace       used 111014K, committed 111808K, reserved 1146880K
  class space    used 14916K, committed 15296K, reserved 1048576K
}
Event: 53.143 GC heap before
{Heap before GC invocations=88 (full 0):
 garbage-first heap   total 468992K, used 392192K [0x0000000080000000, 0x0000000100000000)
  region size 1024K, 159 young (162816K), 4 survivors (4096K)
 Metaspace       used 111014K, committed 111808K, reserved 1146880K
  class space    used 14916K, committed 15296K, reserved 1048576K
}
Event: 53.149 GC heap after
{Heap after GC invocations=89 (full 0):
 garbage-first heap   total 468992K, used 233770K [0x0000000080000000, 0x0000000100000000)
  region size 1024K, 4 young (4096K), 4 survivors (4096K)
 Metaspace       used 111014K, committed 111808K, reserved 1146880K
  class space    used 14916K, committed 15296K, reserved 1048576K
}
Event: 53.467 GC heap before
{Heap before GC invocations=89 (full 0):
 garbage-first heap   total 468992K, used 397610K [0x0000000080000000, 0x0000000100000000)
  region size 1024K, 164 young (167936K), 4 survivors (4096K)
 Metaspace       used 111022K, committed 111808K, reserved 1146880K
  class space    used 14916K, committed 15296K, reserved 1048576K
}
Event: 53.476 GC heap after
{Heap after GC invocations=90 (full 0):
 garbage-first heap   total 468992K, used 232327K [0x0000000080000000, 0x0000000100000000)
  region size 1024K, 2 young (2048K), 2 survivors (2048K)
 Metaspace       used 111022K, committed 111808K, reserved 1146880K
  class space    used 14916K, committed 15296K, reserved 1048576K
}
Event: 53.794 GC heap before
{Heap before GC invocations=90 (full 0):
 garbage-first heap   total 468992K, used 402311K [0x0000000080000000, 0x0000000100000000)
  region size 1024K, 168 young (172032K), 2 survivors (2048K)
 Metaspace       used 111033K, committed 111808K, reserved 1146880K
  class space    used 14916K, committed 15296K, reserved 1048576K
}
Event: 53.801 GC heap after
{Heap after GC invocations=91 (full 0):
 garbage-first heap   total 468992K, used 233685K [0x0000000080000000, 0x0000000100000000)
  region size 1024K, 4 young (4096K), 4 survivors (4096K)
 Metaspace       used 111033K, committed 111808K, reserved 1146880K
  class space    used 14916K, committed 15296K, reserved 1048576K
}
Event: 54.123 GC heap before
{Heap before GC invocations=91 (full 0):
 garbage-first heap   total 468992K, used 402644K [0x0000000080000000, 0x0000000100000000)
  region size 1024K, 170 young (174080K), 4 survivors (4096K)
 Metaspace       used 111034K, committed 111808K, reserved 1146880K
  class space    used 14916K, committed 15296K, reserved 1048576K
}
Event: 54.135 GC heap after
{Heap after GC invocations=92 (full 0):
 garbage-first heap   total 468992K, used 234901K [0x0000000080000000, 0x0000000100000000)
  region size 1024K, 5 young (5120K), 5 survivors (5120K)
 Metaspace       used 111034K, committed 111808K, reserved 1146880K
  class space    used 14916K, committed 15296K, reserved 1048576K
}
Event: 54.462 GC heap before
{Heap before GC invocations=92 (full 0):
 garbage-first heap   total 468992K, used 405909K [0x0000000080000000, 0x0000000100000000)
  region size 1024K, 172 young (176128K), 5 survivors (5120K)
 Metaspace       used 111047K, committed 111936K, reserved 1146880K
  class space    used 14919K, committed 15360K, reserved 1048576K
}
Event: 54.471 GC heap after
{Heap after GC invocations=93 (full 0):
 garbage-first heap   total 468992K, used 235456K [0x0000000080000000, 0x0000000100000000)
  region size 1024K, 5 young (5120K), 5 survivors (5120K)
 Metaspace       used 111047K, committed 111936K, reserved 1146880K
  class space    used 14919K, committed 15360K, reserved 1048576K
}
Event: 54.770 GC heap before
{Heap before GC invocations=93 (full 0):
 garbage-first heap   total 468992K, used 407488K [0x0000000080000000, 0x0000000100000000)
  region size 1024K, 174 young (178176K), 5 survivors (5120K)
 Metaspace       used 111063K, committed 111936K, reserved 1146880K
  class space    used 14922K, committed 15360K, reserved 1048576K
}
Event: 54.783 GC heap after
{Heap after GC invocations=94 (full 0):
 garbage-first heap   total 468992K, used 237568K [0x0000000080000000, 0x0000000100000000)
  region size 1024K, 7 young (7168K), 7 survivors (7168K)
 Metaspace       used 111063K, committed 111936K, reserved 1146880K
  class space    used 14922K, committed 15360K, reserved 1048576K
}
Event: 55.146 GC heap before
{Heap before GC invocations=94 (full 0):
 garbage-first heap   total 468992K, used 407552K [0x0000000080000000, 0x0000000100000000)
  region size 1024K, 174 young (178176K), 7 survivors (7168K)
 Metaspace       used 111063K, committed 111936K, reserved 1146880K
  class space    used 14922K, committed 15360K, reserved 1048576K
}

